c:\users\suraj\onedrive\documents\visual studio projects\vulkan notes\openingawindow\openingawindow\x64\debug\vc143.pdb
c:\users\suraj\onedrive\documents\visual studio projects\vulkan notes\openingawindow\openingawindow\x64\debug\vc143.idb
c:\users\suraj\onedrive\documents\visual studio projects\vulkan notes\openingawindow\openingawindow\x64\debug\lve_window.obj
c:\users\suraj\onedrive\documents\visual studio projects\vulkan notes\openingawindow\openingawindow\x64\debug\main.obj
c:\users\suraj\onedrive\documents\visual studio projects\vulkan notes\openingawindow\openingawindow\x64\debug\first_app.obj
c:\users\suraj\onedrive\documents\visual studio projects\notes projects\openingawindow\x64\debug\glfw3.dll
c:\users\suraj\onedrive\documents\visual studio projects\notes projects\openingawindow\x64\debug\vulkan-1.dll
c:\users\suraj\onedrive\documents\visual studio projects\vulkan notes\openingawindow\x64\debug\glfw3.dll
c:\users\suraj\onedrive\documents\visual studio projects\vulkan notes\openingawindow\x64\debug\vulkan-1.dll
c:\users\suraj\onedrive\documents\visual studio projects\vulkan notes\openingawindow\openingawindow\x64\debug\lve_window.h.module.json
c:\users\suraj\onedrive\documents\visual studio projects\vulkan notes\openingawindow\openingawindow\x64\debug\openingawindow.ilk
c:\users\suraj\onedrive\documents\visual studio projects\vulkan notes\openingawindow\x64\debug\openingawindow.pdb
c:\users\suraj\onedrive\documents\visual studio projects\vulkan notes\openingawindow\openingawindow\x64\debug\openingawindow.tlog\cl.command.1.tlog
c:\users\suraj\onedrive\documents\visual studio projects\vulkan notes\openingawindow\openingawindow\x64\debug\openingawindow.tlog\cl.items.tlog
c:\users\suraj\onedrive\documents\visual studio projects\vulkan notes\openingawindow\openingawindow\x64\debug\openingawindow.tlog\cl.read.1.tlog
c:\users\suraj\onedrive\documents\visual studio projects\vulkan notes\openingawindow\openingawindow\x64\debug\openingawindow.tlog\cl.write.1.tlog
c:\users\suraj\onedrive\documents\visual studio projects\vulkan notes\openingawindow\openingawindow\x64\debug\openingawindow.tlog\link-cvtres.read.1.tlog
c:\users\suraj\onedrive\documents\visual studio projects\vulkan notes\openingawindow\openingawindow\x64\debug\openingawindow.tlog\link-cvtres.write.1.tlog
c:\users\suraj\onedrive\documents\visual studio projects\vulkan notes\openingawindow\openingawindow\x64\debug\openingawindow.tlog\link-rc.read.1.tlog
c:\users\suraj\onedrive\documents\visual studio projects\vulkan notes\openingawindow\openingawindow\x64\debug\openingawindow.tlog\link-rc.write.1.tlog
c:\users\suraj\onedrive\documents\visual studio projects\vulkan notes\openingawindow\openingawindow\x64\debug\openingawindow.tlog\link.38260-cvtres.read.1.tlog
c:\users\suraj\onedrive\documents\visual studio projects\vulkan notes\openingawindow\openingawindow\x64\debug\openingawindow.tlog\link.38260-cvtres.write.1.tlog
c:\users\suraj\onedrive\documents\visual studio projects\vulkan notes\openingawindow\openingawindow\x64\debug\openingawindow.tlog\link.38260-rc.read.1.tlog
c:\users\suraj\onedrive\documents\visual studio projects\vulkan notes\openingawindow\openingawindow\x64\debug\openingawindow.tlog\link.38260-rc.write.1.tlog
c:\users\suraj\onedrive\documents\visual studio projects\vulkan notes\openingawindow\openingawindow\x64\debug\openingawindow.tlog\link.38260.read.1.tlog
c:\users\suraj\onedrive\documents\visual studio projects\vulkan notes\openingawindow\openingawindow\x64\debug\openingawindow.tlog\link.38260.read.2.tlog
c:\users\suraj\onedrive\documents\visual studio projects\vulkan notes\openingawindow\openingawindow\x64\debug\openingawindow.tlog\link.38260.read.3.tlog
c:\users\suraj\onedrive\documents\visual studio projects\vulkan notes\openingawindow\openingawindow\x64\debug\openingawindow.tlog\link.38260.read.4.tlog
c:\users\suraj\onedrive\documents\visual studio projects\vulkan notes\openingawindow\openingawindow\x64\debug\openingawindow.tlog\link.38260.write.1.tlog
c:\users\suraj\onedrive\documents\visual studio projects\vulkan notes\openingawindow\openingawindow\x64\debug\openingawindow.tlog\link.command.1.tlog
c:\users\suraj\onedrive\documents\visual studio projects\vulkan notes\openingawindow\openingawindow\x64\debug\openingawindow.tlog\link.read.1.tlog
c:\users\suraj\onedrive\documents\visual studio projects\vulkan notes\openingawindow\openingawindow\x64\debug\openingawindow.tlog\link.read.2.tlog
c:\users\suraj\onedrive\documents\visual studio projects\vulkan notes\openingawindow\openingawindow\x64\debug\openingawindow.tlog\link.read.3.tlog
c:\users\suraj\onedrive\documents\visual studio projects\vulkan notes\openingawindow\openingawindow\x64\debug\openingawindow.tlog\link.read.4.tlog
c:\users\suraj\onedrive\documents\visual studio projects\vulkan notes\openingawindow\openingawindow\x64\debug\openingawindow.tlog\link.secondary.1.tlog
c:\users\suraj\onedrive\documents\visual studio projects\vulkan notes\openingawindow\openingawindow\x64\debug\openingawindow.tlog\link.write.1.tlog
c:\users\suraj\onedrive\documents\visual studio projects\vulkan notes\openingawindow\openingawindow\x64\debug\openingawindow.tlog\openingawindow.write.1u.tlog
c:\users\suraj\onedrive\documents\visual studio projects\vulkan notes\openingawindow\openingawindow\x64\debug\openingawindow_md.tlog\cl.command.1.tlog
c:\users\suraj\onedrive\documents\visual studio projects\vulkan notes\openingawindow\openingawindow\x64\debug\openingawindow_md.tlog\microsoft.build.cpptasks.cl.read.1.tlog
c:\users\suraj\onedrive\documents\visual studio projects\vulkan notes\openingawindow\openingawindow\x64\debug\openingawindow_md.tlog\microsoft.build.cpptasks.cl.write.1.tlog
